  Block.cpp
C:\Users\Administrator\Desktop\TetrisConsoleGame\Tetris_Game\Block.cpp(230,64): warning C4267: '=': 'size_t'에서 'int'(으)로 변환하면서 데이터가 손실될 수 있습니다.
  BlockManager.cpp
C:\Users\Administrator\Desktop\TetrisConsoleGame\Tetris_Game\BlockManager.cpp(20,30): warning C4244: '-=': 'double'에서 'int'(으)로 변환하면서 데이터가 손실될 수 있습니다.
  DataBase.cpp
  DoubleBuffer.cpp
C:\Users\Administrator\Desktop\TetrisConsoleGame\Tetris_Game\DoubleBuffer.cpp(44,18): warning C4838: 'int'에서 'SHORT'(으)로의 변환에는 축소 변환이 필요합니다.
C:\Users\Administrator\Desktop\TetrisConsoleGame\Tetris_Game\DoubleBuffer.cpp(44,23): warning C4838: 'int'에서 'SHORT'(으)로의 변환에는 축소 변환이 필요합니다.
C:\Users\Administrator\Desktop\TetrisConsoleGame\Tetris_Game\DoubleBuffer.cpp(50,65): warning C4267: '인수': 'size_t'에서 'DWORD'(으)로 변환하면서 데이터가 손실될 수 있습니다.
  Logo.cpp
  Main.cpp
  Map.cpp
  Menu.cpp
  Ranking.cpp
  Scenes.cpp
  ScenesManager.cpp
  Score.cpp
  Stage.cpp
  코드를 생성하고 있습니다...
  Tetris_Game.vcxproj -> C:\Users\Administrator\Desktop\TetrisConsoleGame\Tetris_Game\x64\Debug\Tetris_Game.exe
