c:\users\qowns\onedrive\바탕 화면\새 폴더\myproject\project2\x64\debug\vc142.pdb
c:\users\qowns\onedrive\바탕 화면\새 폴더\myproject\project2\x64\debug\vc142.idb
c:\users\qowns\onedrive\바탕 화면\새 폴더\myproject\project2\x64\debug\attack.obj
c:\users\qowns\onedrive\바탕 화면\새 폴더\myproject\project2\x64\debug\project9.exe
c:\users\qowns\onedrive\바탕 화면\새 폴더\myproject\project2\x64\debug\project9.ilk
c:\users\qowns\onedrive\바탕 화면\새 폴더\myproject\project2\x64\debug\project9.pdb
c:\users\administrator\desktop\새 폴더\myproject\project2\x64\debug\attack.obj
c:\users\administrator\desktop\새 폴더\myproject\project2\x64\debug\filename.obj
c:\users\administrator\desktop\새 폴더\myproject\project2\x64\debug\project9.ilk
c:\users\administrator\desktop\새 폴더\myproject\project2\x64\debug\vc142.idb
c:\users\administrator\desktop\새 폴더\myproject\project2\x64\debug\vc143.idb
c:\users\administrator\desktop\새 폴더\myproject\project2\x64\debug\project9.pdb
c:\users\administrator\desktop\새 폴더\myproject\project2\x64\debug\vc142.pdb
c:\users\administrator\desktop\새 폴더\myproject\project2\x64\debug\vc143.pdb
c:\users\administrator\desktop\새 폴더\myproject\project2\x64\debug\project9.tlog\cl.command.1.tlog
c:\users\administrator\desktop\새 폴더\myproject\project2\x64\debug\project9.tlog\cl.read.1.tlog
c:\users\administrator\desktop\새 폴더\myproject\project2\x64\debug\project9.tlog\cl.write.1.tlog
c:\users\administrator\desktop\새 폴더\myproject\project2\x64\debug\project9.tlog\link.command.1.tlog
c:\users\administrator\desktop\새 폴더\myproject\project2\x64\debug\project9.tlog\link.read.1.tlog
c:\users\administrator\desktop\새 폴더\myproject\project2\x64\debug\project9.tlog\link.write.1.tlog
